#
# There is insufficient memory for the Java Runtime Environment to continue.
# Native memory allocation (malloc) failed to allocate 1835696 bytes for Chunk::new
# Possible reasons:
#   The system is out of physical RAM or swap space
#   The process is running with CompressedOops enabled, and the Java Heap may be blocking the growth of the native heap
# Possible solutions:
#   Reduce memory load on the system
#   Increase physical memory or swap space
#   Check if swap backing store is full
#   Decrease Java heap size (-Xmx/-Xms)
#   Decrease number of Java threads
#   Decrease Java thread stack sizes (-Xss)
#   Set larger code cache with -XX:ReservedCodeCacheSize=
#   JVM is running with Unscaled Compressed Oops mode in which the Java heap is
#     placed in the first 4GB address space. The Java Heap base address is the
#     maximum limit for the native heap growth. Please use -XX:HeapBaseMinAddress
#     to set the Java Heap base and to place the Java Heap above 4GB virtual address.
# This output file may be truncated or incomplete.
#
#  Out of Memory Error (arena.cpp:191), pid=18680, tid=16336
#
# JRE version: OpenJDK Runtime Environment (17.0.9) (build 17.0.9+0--11185874)
# Java VM: OpenJDK 64-Bit Server VM (17.0.9+0--11185874, mixed mode, tiered, compressed oops, compressed class ptrs, g1 gc, windows-amd64)
# No core dump will be written. Minidumps are not enabled by default on client versions of Windows
#

---------------  S U M M A R Y ------------

Command Line: --add-opens=java.base/java.util=ALL-UNNAMED --add-opens=java.base/java.lang=ALL-UNNAMED --add-opens=java.base/java.lang.invoke=ALL-UNNAMED --add-opens=java.prefs/java.util.prefs=ALL-UNNAMED --add-opens=java.base/java.nio.charset=ALL-UNNAMED --add-opens=java.base/java.net=ALL-UNNAMED --add-opens=java.base/java.util.concurrent.atomic=ALL-UNNAMED -Xmx2048m -Dfile.encoding=UTF-8 -Duser.country=MX -Duser.language=es -Duser.variant -javaagent:C:\Users\Anelx\.gradle\wrapper\dists\gradle-8.4-bin\1w5dpkrfk8irigvoxmyhowfim\gradle-8.4\lib\agents\gradle-instrumentation-agent-8.4.jar org.gradle.launcher.daemon.bootstrap.GradleDaemon 8.4

Host: 11th Gen Intel(R) Core(TM) i3-1115G4 @ 3.00GHz, 4 cores, 15G,  Windows 10 , 64 bit Build 19041 (10.0.19041.3636)
Time: Mon Jul  8 12:02:46 2024 Hora est. Pacífico, Sudamérica elapsed time: 7.360303 seconds (0d 0h 0m 7s)

---------------  T H R E A D  ---------------

Current thread (0x000001b9f9074030):  JavaThread "C2 CompilerThread0" daemon [_thread_in_native, id=16336, stack(0x000000460ca00000,0x000000460cb00000)]


Current CompileTask:
C2:   7360 4903   !   4       java.net.URLClassLoader$1::run (81 bytes)

Stack: [0x000000460ca00000,0x000000460cb00000]
Native frames: (J=compiled Java code, j=interpreted, Vv=VM code, C=native code)
V  [jvm.dll+0x6886e9]
V  [jvm.dll+0x841e4a]
V  [jvm.dll+0x843a8e]
V  [jvm.dll+0x8440f3]
V  [jvm.dll+0x24c14f]
V  [jvm.dll+0xac44c]
V  [jvm.dll+0xaca9c]
V  [jvm.dll+0x36c1a2]
V  [jvm.dll+0x33651a]
V  [jvm.dll+0x3359ba]
V  [jvm.dll+0x21ddb1]
V  [jvm.dll+0x21d1d1]
V  [jvm.dll+0x1a674d]
V  [jvm.dll+0x22d088]
V  [jvm.dll+0x22b1c0]
V  [jvm.dll+0x7f62f7]
V  [jvm.dll+0x7f06aa]
V  [jvm.dll+0x687565]
C  [ucrtbase.dll+0x21bb2]
C  [KERNEL32.DLL+0x17344]
C  [ntdll.dll+0x4cc91]


---------------  P R O C E S S  ---------------

Threads class SMR info:
_java_thread_list=0x000001b9fda67ac0, length=41, elements={
0x000001b9db4ddc50, 0x000001b9f90275d0, 0x000001b9f9029850, 0x000001b9f906c3b0,
0x000001b9f906ce80, 0x000001b9f9071b70, 0x000001b9f9072be0, 0x000001b9f9074030,
0x000001b9f9089d90, 0x000001b9f909a680, 0x000001b9f9153340, 0x000001b9f93791d0,
0x000001b9fab4b050, 0x000001b9fa221990, 0x000001b9fbf5c000, 0x000001b9fb0d8500,
0x000001b9fa740890, 0x000001b9fa8cb7e0, 0x000001b9fa8cacd0, 0x000001b9fb1ae8f0,
0x000001b9fb1af310, 0x000001b9fb1ae3e0, 0x000001b9fb1aee00, 0x000001b9fb1afd30,
0x000001b9fb1af820, 0x000001b9fb1b0750, 0x000001b9fb1b0c60, 0x000001b9fb1b1170,
0x000001b9fb1aded0, 0x000001b9fb1b1680, 0x000001b9fc55bb90, 0x000001b9fc559310,
0x000001b9fc557ed0, 0x000001b9fb814740, 0x000001b9fc559d30, 0x000001b9fc55c5b0,
0x000001b9fc55b680, 0x000001b9fc5583e0, 0x000001b9fc556580, 0x000001b9fc55cac0,
0x000001b9fc556fa0
}

Java Threads: ( => current thread )
  0x000001b9db4ddc50 JavaThread "main" [_thread_blocked, id=7656, stack(0x000000460bd00000,0x000000460be00000)]
  0x000001b9f90275d0 JavaThread "Reference Handler" daemon [_thread_blocked, id=10908, stack(0x000000460c400000,0x000000460c500000)]
  0x000001b9f9029850 JavaThread "Finalizer" daemon [_thread_blocked, id=2640, stack(0x000000460c500000,0x000000460c600000)]
  0x000001b9f906c3b0 JavaThread "Signal Dispatcher" daemon [_thread_blocked, id=8468, stack(0x000000460c600000,0x000000460c700000)]
  0x000001b9f906ce80 JavaThread "Attach Listener" daemon [_thread_blocked, id=4360, stack(0x000000460c700000,0x000000460c800000)]
  0x000001b9f9071b70 JavaThread "Service Thread" daemon [_thread_blocked, id=1740, stack(0x000000460c800000,0x000000460c900000)]
  0x000001b9f9072be0 JavaThread "Monitor Deflation Thread" daemon [_thread_blocked, id=3612, stack(0x000000460c900000,0x000000460ca00000)]
=>0x000001b9f9074030 JavaThread "C2 CompilerThread0" daemon [_thread_in_native, id=16336, stack(0x000000460ca00000,0x000000460cb00000)]
  0x000001b9f9089d90 JavaThread "C1 CompilerThread0" daemon [_thread_blocked, id=6612, stack(0x000000460cb00000,0x000000460cc00000)]
  0x000001b9f909a680 JavaThread "Sweeper thread" daemon [_thread_blocked, id=3956, stack(0x000000460cc00000,0x000000460cd00000)]
  0x000001b9f9153340 JavaThread "Common-Cleaner" daemon [_thread_blocked, id=10188, stack(0x000000460cd00000,0x000000460ce00000)]
  0x000001b9f93791d0 JavaThread "Notification Thread" daemon [_thread_blocked, id=1620, stack(0x000000460ce00000,0x000000460cf00000)]
  0x000001b9fab4b050 JavaThread "Daemon health stats" [_thread_blocked, id=10712, stack(0x000000460d400000,0x000000460d500000)]
  0x000001b9fa221990 JavaThread "Incoming local TCP Connector on port 56696" [_thread_in_native, id=16396, stack(0x000000460d500000,0x000000460d600000)]
  0x000001b9fbf5c000 JavaThread "Daemon periodic checks" [_thread_blocked, id=1084, stack(0x000000460d600000,0x000000460d700000)]
  0x000001b9fb0d8500 JavaThread "Daemon" [_thread_blocked, id=18036, stack(0x000000460d700000,0x000000460d800000)]
  0x000001b9fa740890 JavaThread "Handler for socket connection from /127.0.0.1:56696 to /127.0.0.1:56698" [_thread_in_native, id=616, stack(0x000000460d800000,0x000000460d900000)]
  0x000001b9fa8cb7e0 JavaThread "Cancel handler" [_thread_blocked, id=20424, stack(0x000000460d900000,0x000000460da00000)]
  0x000001b9fa8cacd0 JavaThread "Daemon worker" [_thread_in_vm, id=12352, stack(0x000000460da00000,0x000000460db00000)]
  0x000001b9fb1ae8f0 JavaThread "Asynchronous log dispatcher for DefaultDaemonConnection: socket connection from /127.0.0.1:56696 to /127.0.0.1:56698" [_thread_blocked, id=22008, stack(0x000000460db00000,0x000000460dc00000)]
  0x000001b9fb1af310 JavaThread "Stdin handler" [_thread_blocked, id=2336, stack(0x000000460dc00000,0x000000460dd00000)]
  0x000001b9fb1ae3e0 JavaThread "Daemon client event forwarder" [_thread_blocked, id=1776, stack(0x000000460dd00000,0x000000460de00000)]
  0x000001b9fb1aee00 JavaThread "Cache worker for journal cache (C:\Users\Anelx\.gradle\caches\journal-1)" [_thread_blocked, id=3132, stack(0x000000460de00000,0x000000460df00000)]
  0x000001b9fb1afd30 JavaThread "File lock request listener" [_thread_in_native, id=11500, stack(0x000000460df00000,0x000000460e000000)]
  0x000001b9fb1af820 JavaThread "Cache worker for file hash cache (C:\Users\Anelx\.gradle\caches\8.4\fileHashes)" [_thread_blocked, id=16364, stack(0x000000460e000000,0x000000460e100000)]
  0x000001b9fb1b0750 JavaThread "File watcher server" daemon [_thread_in_native, id=18212, stack(0x000000460e100000,0x000000460e200000)]
  0x000001b9fb1b0c60 JavaThread "File watcher consumer" daemon [_thread_blocked, id=13708, stack(0x000000460e200000,0x000000460e300000)]
  0x000001b9fb1b1170 JavaThread "Cache worker for checksums cache (C:\Users\Anelx\AndroidStudioProjects\ApiPlaces\.gradle\8.4\checksums)" [_thread_blocked, id=24092, stack(0x000000460d000000,0x000000460d100000)]
  0x000001b9fb1aded0 JavaThread "Cache worker for file hash cache (C:\Users\Anelx\AndroidStudioProjects\ApiPlaces\.gradle\8.4\fileHashes)" [_thread_blocked, id=14016, stack(0x000000460e300000,0x000000460e400000)]
  0x000001b9fb1b1680 JavaThread "Cache worker for cache directory md-supplier (C:\Users\Anelx\.gradle\caches\8.4\md-supplier)" [_thread_blocked, id=16796, stack(0x000000460e400000,0x000000460e500000)]
  0x000001b9fc55bb90 JavaThread "Cache worker for file content cache (C:\Users\Anelx\.gradle\caches\8.4\fileContent)" [_thread_blocked, id=15844, stack(0x000000460e500000,0x000000460e600000)]
  0x000001b9fc559310 JavaThread "Cache worker for cache directory md-rule (C:\Users\Anelx\.gradle\caches\8.4\md-rule)" [_thread_blocked, id=18836, stack(0x000000460e600000,0x000000460e700000)]
  0x000001b9fc557ed0 JavaThread "Cache worker for execution history cache (C:\Users\Anelx\.gradle\caches\8.4\executionHistory)" [_thread_blocked, id=13800, stack(0x000000460e800000,0x000000460e900000)]
  0x000001b9fb814740 JavaThread "C2 CompilerThread1" daemon [_thread_in_native, id=12836, stack(0x000000460e900000,0x000000460ea00000)]
  0x000001b9fc559d30 JavaThread "Cache worker for kotlin-dsl (C:\Users\Anelx\.gradle\caches\8.4\kotlin-dsl)" [_thread_blocked, id=17532, stack(0x000000460ea00000,0x000000460eb00000)]
  0x000001b9fc55c5b0 JavaThread "jar transforms" [_thread_blocked, id=5404, stack(0x000000460eb00000,0x000000460ec00000)]
  0x000001b9fc55b680 JavaThread "jar transforms Thread 2" [_thread_blocked, id=11160, stack(0x000000460ec00000,0x000000460ed00000)]
  0x000001b9fc5583e0 JavaThread "jar transforms Thread 3" [_thread_blocked, id=20312, stack(0x000000460ed00000,0x000000460ee00000)]
  0x000001b9fc556580 JavaThread "jar transforms Thread 4" [_thread_blocked, id=1404, stack(0x000000460ee00000,0x000000460ef00000)]
  0x000001b9fc55cac0 JavaThread "Cache worker for dependencies-accessors (C:\Users\Anelx\AndroidStudioProjects\ApiPlaces\.gradle\8.4\dependencies-accessors)" [_thread_blocked, id=10784, stack(0x000000460ef00000,0x000000460f000000)]
  0x000001b9fc556fa0 JavaThread "Cache worker for Build Output Cleanup Cache (C:\Users\Anelx\AndroidStudioProjects\ApiPlaces\.gradle\buildOutputCleanup)" [_thread_blocked, id=12236, stack(0x000000460f000000,0x000000460f100000)]

Other Threads:
  0x000001b9f4aeed00 VMThread "VM Thread" [stack: 0x000000460c300000,0x000000460c400000] [id=15488]
  0x000001b9db4deb20 WatcherThread [stack: 0x000000460cf00000,0x000000460d000000] [id=8828]
  0x000001b9db53a300 GCTaskThread "GC Thread#0" [stack: 0x000000460be00000,0x000000460bf00000] [id=8520]
  0x000001b9f98b9ca0 GCTaskThread "GC Thread#1" [stack: 0x000000460d100000,0x000000460d200000] [id=25544]
  0x000001b9f97a02c0 GCTaskThread "GC Thread#2" [stack: 0x000000460d200000,0x000000460d300000] [id=9876]
  0x000001b9f97a0580 GCTaskThread "GC Thread#3" [stack: 0x000000460d300000,0x000000460d400000] [id=25240]
  0x000001b9db54b160 ConcurrentGCThread "G1 Main Marker" [stack: 0x000000460bf00000,0x000000460c000000] [id=21484]
  0x000001b9db54ba90 ConcurrentGCThread "G1 Conc#0" [stack: 0x000000460c000000,0x000000460c100000] [id=22464]
  0x000001b9db59e7c0 ConcurrentGCThread "G1 Refine#0" [stack: 0x000000460c100000,0x000000460c200000] [id=25300]
  0x000001b9fbaf66f0 ConcurrentGCThread "G1 Refine#1" [stack: 0x000000460e700000,0x000000460e800000] [id=10976]
  0x000001b9f4969300 ConcurrentGCThread "G1 Service" [stack: 0x000000460c200000,0x000000460c300000] [id=23324]

Threads with active compile tasks:
C2 CompilerThread0     7377 4903   !   4       java.net.URLClassLoader$1::run (81 bytes)
C2 CompilerThread1     7377 4902       4       java.net.URLClassLoader$1::run (5 bytes)

VM state: not at safepoint (normal execution)

VM Mutex/Monitor currently owned by a thread: None

Heap address: 0x0000000080000000, size: 2048 MB, Compressed Oops mode: 32-bit

CDS archive(s) not mapped
Compressed class space mapped at: 0x0000000100000000-0x0000000140000000, reserved size: 1073741824
Narrow klass base: 0x0000000000000000, Narrow klass shift: 3, Narrow klass range: 0x140000000

GC Precious Log:
 CPUs: 4 total, 4 available
 Memory: 16118M
 Large Page Support: Disabled
 NUMA Support: Disabled
 Compressed Oops: Enabled (32-bit)
 Heap Region Size: 1M
 Heap Min Capacity: 8M
 Heap Initial Capacity: 252M
 Heap Max Capacity: 2G
 Pre-touch: Disabled
 Parallel Workers: 4
 Concurrent Workers: 1
 Concurrent Refinement Workers: 4
 Periodic GC: Disabled

Heap:
 garbage-first heap   total 82944K, used 59877K [0x0000000080000000, 0x0000000100000000)
  region size 1024K, 30 young (30720K), 4 survivors (4096K)
 Metaspace       used 59752K, committed 60352K, reserved 1114112K
  class space    used 8185K, committed 8448K, reserved 1048576K

Heap Regions: E=young(eden), S=young(survivor), O=old, HS=humongous(starts), HC=humongous(continues), CS=collection set, F=free, OA=open archive, CA=closed archive, TAMS=top-at-mark-start (previous, next)
|   0|0x0000000080000000, 0x0000000080100000, 0x0000000080100000|100%| O|  |TAMS 0x0000000080100000, 0x0000000080000000| Untracked 
|   1|0x0000000080100000, 0x0000000080200000, 0x0000000080200000|100%| O|  |TAMS 0x0000000080200000, 0x0000000080100000| Untracked 
|   2|0x0000000080200000, 0x0000000080300000, 0x0000000080300000|100%|HS|  |TAMS 0x0000000080300000, 0x0000000080200000| Complete 
|   3|0x0000000080300000, 0x0000000080400000, 0x0000000080400000|100%|HC|  |TAMS 0x0000000080400000, 0x0000000080300000| Complete 
|   4|0x0000000080400000, 0x0000000080500000, 0x0000000080500000|100%|HC|  |TAMS 0x0000000080500000, 0x0000000080400000| Complete 
|   5|0x0000000080500000, 0x0000000080600000, 0x0000000080600000|100%|HC|  |TAMS 0x0000000080600000, 0x0000000080500000| Complete 
|   6|0x0000000080600000, 0x0000000080700000, 0x0000000080700000|100%| O|  |TAMS 0x0000000080700000, 0x0000000080600000| Untracked 
|   7|0x0000000080700000, 0x0000000080800000, 0x0000000080800000|100%| O|  |TAMS 0x0000000080800000, 0x0000000080700000| Untracked 
|   8|0x0000000080800000, 0x0000000080900000, 0x0000000080900000|100%| O|  |TAMS 0x0000000080900000, 0x0000000080800000| Untracked 
|   9|0x0000000080900000, 0x0000000080a00000, 0x0000000080a00000|100%| O|  |TAMS 0x0000000080a00000, 0x0000000080900000| Untracked 
|  10|0x0000000080a00000, 0x0000000080a9be00, 0x0000000080b00000| 60%| O|  |TAMS 0x0000000080a9be00, 0x0000000080a00000| Untracked 
|  11|0x0000000080b00000, 0x0000000080c00000, 0x0000000080c00000|100%| O|  |TAMS 0x0000000080c00000, 0x0000000080b00000| Untracked 
|  12|0x0000000080c00000, 0x0000000080d00000, 0x0000000080d00000|100%| O|  |TAMS 0x0000000080d00000, 0x0000000080c00000| Untracked 
|  13|0x0000000080d00000, 0x0000000080e00000, 0x0000000080e00000|100%| O|  |TAMS 0x0000000080e00000, 0x0000000080d00000| Untracked 
|  14|0x0000000080e00000, 0x0000000080f00000, 0x0000000080f00000|100%| O|  |TAMS 0x0000000080f00000, 0x0000000080e00000| Untracked 
|  15|0x0000000080f00000, 0x0000000081000000, 0x0000000081000000|100%| O|  |TAMS 0x0000000081000000, 0x0000000080f00000| Untracked 
|  16|0x0000000081000000, 0x0000000081100000, 0x0000000081100000|100%| O|  |TAMS 0x0000000081100000, 0x0000000081000000| Untracked 
|  17|0x0000000081100000, 0x0000000081200000, 0x0000000081200000|100%| O|  |TAMS 0x0000000081200000, 0x0000000081100000| Untracked 
|  18|0x0000000081200000, 0x0000000081300000, 0x0000000081300000|100%| O|  |TAMS 0x0000000081300000, 0x0000000081200000| Untracked 
|  19|0x0000000081300000, 0x0000000081400000, 0x0000000081400000|100%| O|  |TAMS 0x0000000081400000, 0x0000000081300000| Untracked 
|  20|0x0000000081400000, 0x0000000081500000, 0x0000000081500000|100%| O|  |TAMS 0x0000000081444600, 0x0000000081400000| Untracked 
|  21|0x0000000081500000, 0x0000000081600000, 0x0000000081600000|100%| O|  |TAMS 0x0000000081500000, 0x0000000081500000| Untracked 
|  22|0x0000000081600000, 0x0000000081700000, 0x0000000081700000|100%| O|  |TAMS 0x0000000081600000, 0x0000000081600000| Untracked 
|  23|0x0000000081700000, 0x0000000081800000, 0x0000000081800000|100%| O|  |TAMS 0x0000000081700000, 0x0000000081700000| Untracked 
|  24|0x0000000081800000, 0x0000000081900000, 0x0000000081900000|100%| O|  |TAMS 0x0000000081800000, 0x0000000081800000| Untracked 
|  25|0x0000000081900000, 0x0000000081a00000, 0x0000000081a00000|100%| O|  |TAMS 0x0000000081900000, 0x0000000081900000| Untracked 
|  26|0x0000000081a00000, 0x0000000081b00000, 0x0000000081b00000|100%| O|  |TAMS 0x0000000081a00000, 0x0000000081a00000| Untracked 
|  27|0x0000000081b00000, 0x0000000081c00000, 0x0000000081c00000|100%| O|  |TAMS 0x0000000081b00000, 0x0000000081b00000| Untracked 
|  28|0x0000000081c00000, 0x0000000081d00000, 0x0000000081d00000|100%| O|  |TAMS 0x0000000081c00000, 0x0000000081c00000| Untracked 
|  29|0x0000000081d00000, 0x0000000081e00000, 0x0000000081e00000|100%| O|  |TAMS 0x0000000081d00000, 0x0000000081d00000| Untracked 
|  30|0x0000000081e00000, 0x0000000081f00000, 0x0000000081f00000|100%| O|  |TAMS 0x0000000081e00000, 0x0000000081e00000| Untracked 
|  31|0x0000000081f00000, 0x0000000081f53600, 0x0000000082000000| 32%| O|  |TAMS 0x0000000081f00000, 0x0000000081f00000| Untracked 
|  32|0x0000000082000000, 0x0000000082000000, 0x0000000082100000|  0%| F|  |TAMS 0x0000000082000000, 0x0000000082000000| Untracked 
|  33|0x0000000082100000, 0x0000000082100000, 0x0000000082200000|  0%| F|  |TAMS 0x0000000082100000, 0x0000000082100000| Untracked 
|  34|0x0000000082200000, 0x0000000082200000, 0x0000000082300000|  0%| F|  |TAMS 0x0000000082200000, 0x0000000082200000| Untracked 
|  35|0x0000000082300000, 0x0000000082300000, 0x0000000082400000|  0%| F|  |TAMS 0x0000000082300000, 0x0000000082300000| Untracked 
|  36|0x0000000082400000, 0x0000000082400000, 0x0000000082500000|  0%| F|  |TAMS 0x0000000082400000, 0x0000000082400000| Untracked 
|  37|0x0000000082500000, 0x0000000082500000, 0x0000000082600000|  0%| F|  |TAMS 0x0000000082500000, 0x0000000082500000| Untracked 
|  38|0x0000000082600000, 0x0000000082600000, 0x0000000082700000|  0%| F|  |TAMS 0x0000000082600000, 0x0000000082600000| Untracked 
|  39|0x0000000082700000, 0x0000000082700000, 0x0000000082800000|  0%| F|  |TAMS 0x0000000082700000, 0x0000000082700000| Untracked 
|  40|0x0000000082800000, 0x0000000082800000, 0x0000000082900000|  0%| F|  |TAMS 0x0000000082800000, 0x0000000082800000| Untracked 
|  41|0x0000000082900000, 0x0000000082900000, 0x0000000082a00000|  0%| F|  |TAMS 0x0000000082900000, 0x0000000082900000| Untracked 
|  42|0x0000000082a00000, 0x0000000082a00000, 0x0000000082b00000|  0%| F|  |TAMS 0x0000000082a00000, 0x0000000082a00000| Untracked 
|  43|0x0000000082b00000, 0x0000000082b00000, 0x0000000082c00000|  0%| F|  |TAMS 0x0000000082b00000, 0x0000000082b00000| Untracked 
|  44|0x0000000082c00000, 0x0000000082c00000, 0x0000000082d00000|  0%| F|  |TAMS 0x0000000082c00000, 0x0000000082c00000| Untracked 
|  45|0x0000000082d00000, 0x0000000082d00000, 0x0000000082e00000|  0%| F|  |TAMS 0x0000000082d00000, 0x0000000082d00000| Untracked 
|  46|0x0000000082e00000, 0x0000000082e00000, 0x0000000082f00000|  0%| F|  |TAMS 0x0000000082e00000, 0x0000000082e00000| Untracked 
|  47|0x0000000082f00000, 0x0000000082f8a3a8, 0x0000000083000000| 53%| S|CS|TAMS 0x0000000082f00000, 0x0000000082f00000| Complete 
|  48|0x0000000083000000, 0x0000000083100000, 0x0000000083100000|100%| S|CS|TAMS 0x0000000083000000, 0x0000000083000000| Complete 
|  49|0x0000000083100000, 0x0000000083100000, 0x0000000083200000|  0%| F|  |TAMS 0x0000000083100000, 0x0000000083100000| Untracked 
|  50|0x0000000083200000, 0x0000000083300000, 0x0000000083300000|100%| S|CS|TAMS 0x0000000083200000, 0x0000000083200000| Complete 
|  51|0x0000000083300000, 0x0000000083400000, 0x0000000083400000|100%| S|CS|TAMS 0x0000000083300000, 0x0000000083300000| Complete 
|  52|0x0000000083400000, 0x0000000083400000, 0x0000000083500000|  0%| F|  |TAMS 0x0000000083400000, 0x0000000083400000| Untracked 
|  53|0x0000000083500000, 0x0000000083500000, 0x0000000083600000|  0%| F|  |TAMS 0x0000000083500000, 0x0000000083500000| Untracked 
|  54|0x0000000083600000, 0x0000000083600000, 0x0000000083700000|  0%| F|  |TAMS 0x0000000083600000, 0x0000000083600000| Untracked 
|  55|0x0000000083700000, 0x0000000083800000, 0x0000000083800000|100%| E|  |TAMS 0x0000000083700000, 0x0000000083700000| Complete 
|  56|0x0000000083800000, 0x0000000083900000, 0x0000000083900000|100%| E|  |TAMS 0x0000000083800000, 0x0000000083800000| Complete 
|  57|0x0000000083900000, 0x0000000083a00000, 0x0000000083a00000|100%| E|CS|TAMS 0x0000000083900000, 0x0000000083900000| Complete 
|  58|0x0000000083a00000, 0x0000000083b00000, 0x0000000083b00000|100%| E|CS|TAMS 0x0000000083a00000, 0x0000000083a00000| Complete 
|  59|0x0000000083b00000, 0x0000000083c00000, 0x0000000083c00000|100%| E|CS|TAMS 0x0000000083b00000, 0x0000000083b00000| Complete 
|  60|0x0000000083c00000, 0x0000000083d00000, 0x0000000083d00000|100%| E|CS|TAMS 0x0000000083c00000, 0x0000000083c00000| Complete 
|  61|0x0000000083d00000, 0x0000000083e00000, 0x0000000083e00000|100%| E|CS|TAMS 0x0000000083d00000, 0x0000000083d00000| Complete 
|  62|0x0000000083e00000, 0x0000000083f00000, 0x0000000083f00000|100%| E|CS|TAMS 0x0000000083e00000, 0x0000000083e00000| Complete 
|  63|0x0000000083f00000, 0x0000000084000000, 0x0000000084000000|100%| E|CS|TAMS 0x0000000083f00000, 0x0000000083f00000| Complete 
|  64|0x0000000084000000, 0x0000000084100000, 0x0000000084100000|100%| E|CS|TAMS 0x0000000084000000, 0x0000000084000000| Complete 
|  65|0x0000000084100000, 0x0000000084200000, 0x0000000084200000|100%| E|CS|TAMS 0x0000000084100000, 0x0000000084100000| Complete 
|  66|0x0000000084200000, 0x0000000084300000, 0x0000000084300000|100%| E|CS|TAMS 0x0000000084200000, 0x0000000084200000| Complete 
|  67|0x0000000084300000, 0x0000000084400000, 0x0000000084400000|100%| E|CS|TAMS 0x0000000084300000, 0x0000000084300000| Complete 
|  68|0x0000000084400000, 0x0000000084500000, 0x0000000084500000|100%| E|CS|TAMS 0x0000000084400000, 0x0000000084400000| Complete 
|  69|0x0000000084500000, 0x0000000084600000, 0x0000000084600000|100%| E|CS|TAMS 0x0000000084500000, 0x0000000084500000| Complete 
|  70|0x0000000084600000, 0x0000000084700000, 0x0000000084700000|100%| E|CS|TAMS 0x0000000084600000, 0x0000000084600000| Complete 
|  71|0x0000000084700000, 0x0000000084800000, 0x0000000084800000|100%| E|CS|TAMS 0x0000000084700000, 0x0000000084700000| Complete 
| 196|0x000000008c400000, 0x000000008c500000, 0x000000008c500000|100%| E|CS|TAMS 0x000000008c400000, 0x000000008c400000| Complete 
| 197|0x000000008c500000, 0x000000008c600000, 0x000000008c600000|100%| E|CS|TAMS 0x000000008c500000, 0x000000008c500000| Complete 
| 198|0x000000008c600000, 0x000000008c700000, 0x000000008c700000|100%| E|CS|TAMS 0x000000008c600000, 0x000000008c600000| Complete 
| 199|0x000000008c700000, 0x000000008c800000, 0x000000008c800000|100%| E|CS|TAMS 0x000000008c700000, 0x000000008c700000| Complete 
| 200|0x000000008c800000, 0x000000008c900000, 0x000000008c900000|100%| E|CS|TAMS 0x000000008c800000, 0x000000008c800000| Complete 
| 201|0x000000008c900000, 0x000000008ca00000, 0x000000008ca00000|100%| E|CS|TAMS 0x000000008c900000, 0x000000008c900000| Complete 
| 202|0x000000008ca00000, 0x000000008cb00000, 0x000000008cb00000|100%| E|CS|TAMS 0x000000008ca00000, 0x000000008ca00000| Complete 
| 203|0x000000008cb00000, 0x000000008cc00000, 0x000000008cc00000|100%| E|CS|TAMS 0x000000008cb00000, 0x000000008cb00000| Complete 
| 251|0x000000008fb00000, 0x000000008fc00000, 0x000000008fc00000|100%| E|CS|TAMS 0x000000008fb00000, 0x000000008fb00000| Complete 

Card table byte_map: [0x000001b9eddc0000,0x000001b9ee1c0000] _byte_map_base: 0x000001b9ed9c0000

Marking Bits (Prev, Next): (CMBitMap*) 0x000001b9db53a830, (CMBitMap*) 0x000001b9db53a870
 Prev Bits: [0x000001b9ee5c0000, 0x000001b9f05c0000)
 Next Bits: [0x000001b9f05c0000, 0x000001b9f25c0000)

Polling page: 0x000001b9d9490000

Metaspace:

Usage:
  Non-class:     50.38 MB used.
      Class:      8.00 MB used.
       Both:     58.38 MB used.

Virtual space:
  Non-class space:       64.00 MB reserved,      50.69 MB ( 79%) committed,  1 nodes.
      Class space:        1.00 GB reserved,       8.25 MB ( <1%) committed,  1 nodes.
             Both:        1.06 GB reserved,      58.94 MB (  5%) committed. 

Chunk freelists:
   Non-Class:  12.55 MB
       Class:  7.67 MB
        Both:  20.22 MB

MaxMetaspaceSize: unlimited
CompressedClassSpaceSize: 1.00 GB
Initial GC threshold: 21.00 MB
Current GC threshold: 59.06 MB
CDS: off
MetaspaceReclaimPolicy: balanced
 - commit_granule_bytes: 65536.
 - commit_granule_words: 8192.
 - virtual_space_node_default_size: 8388608.
 - enlarge_chunks_in_place: 1.
 - new_chunks_are_fully_committed: 0.
 - uncommit_free_chunks: 1.
 - use_allocation_guard: 0.
 - handle_deallocations: 1.


Internal statistics:

num_allocs_failed_limit: 6.
num_arena_births: 618.
num_arena_deaths: 0.
num_vsnodes_births: 2.
num_vsnodes_deaths: 0.
num_space_committed: 943.
num_space_uncommitted: 0.
num_chunks_returned_to_freelist: 6.
num_chunks_taken_from_freelist: 2474.
num_chunk_merges: 6.
num_chunk_splits: 1650.
num_chunks_enlarged: 1128.
num_inconsistent_stats: 0.

CodeHeap 'non-profiled nmethods': size=120000Kb used=2329Kb max_used=2891Kb free=117670Kb
 bounds [0x000001b9e6490000, 0x000001b9e6770000, 0x000001b9ed9c0000]
CodeHeap 'profiled nmethods': size=120000Kb used=8137Kb max_used=9076Kb free=111862Kb
 bounds [0x000001b9de9c0000, 0x000001b9df2a0000, 0x000001b9e5ef0000]
CodeHeap 'non-nmethods': size=5760Kb used=1662Kb max_used=1702Kb free=4097Kb
 bounds [0x000001b9e5ef0000, 0x000001b9e6160000, 0x000001b9e6490000]
 total_blobs=4970 nmethods=4244 adapters=638
 compilation: enabled
              stopped_count=0, restarted_count=0
 full_count=0

Compilation events (20 events):
Event: 7.248 Thread 0x000001b9f9089d90 4939       3       org.apache.http.message.ParserCursor::updatePos (100 bytes)
Event: 7.248 Thread 0x000001b9f9089d90 nmethod 4939 0x000001b9df0e6f10 code [0x000001b9df0e7240, 0x000001b9df0e8098]
Event: 7.286 Thread 0x000001b9f9089d90 4943       3       java.util.concurrent.ConcurrentHashMap::values (25 bytes)
Event: 7.287 Thread 0x000001b9f9089d90 nmethod 4943 0x000001b9dec7a290 code [0x000001b9dec7a440, 0x000001b9dec7a7d8]
Event: 7.347 Thread 0x000001b9f9089d90 4944       3       java.io.DataInputStream::readChar (6 bytes)
Event: 7.347 Thread 0x000001b9f9089d90 nmethod 4944 0x000001b9df212f90 code [0x000001b9df213120, 0x000001b9df213268]
Event: 7.352 Thread 0x000001b9f9089d90 4947   !   3       jdk.internal.misc.ScopedMemoryAccess::getCharUnaligned (22 bytes)
Event: 7.352 Thread 0x000001b9f9089d90 nmethod 4947 0x000001b9de9ee890 code [0x000001b9de9eea80, 0x000001b9de9ef028]
Event: 7.352 Thread 0x000001b9f9089d90 4948   !   3       jdk.internal.misc.ScopedMemoryAccess::getCharUnalignedInternal (38 bytes)
Event: 7.352 Thread 0x000001b9f9089d90 nmethod 4948 0x000001b9de9ee190 code [0x000001b9de9ee360, 0x000001b9de9ee6d8]
Event: 7.352 Thread 0x000001b9f9089d90 4952       3       jdk.internal.misc.Unsafe::convEndian (16 bytes)
Event: 7.352 Thread 0x000001b9f9089d90 nmethod 4952 0x000001b9deca4010 code [0x000001b9deca41a0, 0x000001b9deca4358]
Event: 7.352 Thread 0x000001b9f9089d90 4953       3       java.lang.Character::reverseBytes (15 bytes)
Event: 7.353 Thread 0x000001b9f9089d90 nmethod 4953 0x000001b9df006610 code [0x000001b9df0067a0, 0x000001b9df0068b8]
Event: 7.353 Thread 0x000001b9f9089d90 4949       3       jdk.internal.misc.Unsafe::getCharUnaligned (12 bytes)
Event: 7.353 Thread 0x000001b9f9089d90 nmethod 4949 0x000001b9df0e6a10 code [0x000001b9df0e6bc0, 0x000001b9df0e6df8]
Event: 7.353 Thread 0x000001b9f9089d90 4950       3       jdk.internal.misc.Unsafe::getCharUnaligned (34 bytes)
Event: 7.353 Thread 0x000001b9f9089d90 nmethod 4950 0x000001b9de9eda90 code [0x000001b9de9edc60, 0x000001b9de9ee018]
Event: 7.353 Thread 0x000001b9f9089d90 4954       3       java.nio.HeapByteBuffer::getChar (29 bytes)
Event: 7.353 Thread 0x000001b9f9089d90 nmethod 4954 0x000001b9dec27a90 code [0x000001b9dec27ce0, 0x000001b9dec28588]

GC Heap History (20 events):
Event: 2.115 GC heap before
{Heap before GC invocations=3 (full 0):
 garbage-first heap   total 258048K, used 59057K [0x0000000080000000, 0x0000000100000000)
  region size 1024K, 48 young (49152K), 3 survivors (3072K)
 Metaspace       used 21286K, committed 21504K, reserved 1114112K
  class space    used 2517K, committed 2624K, reserved 1048576K
}
Event: 2.121 GC heap after
{Heap after GC invocations=4 (full 0):
 garbage-first heap   total 258048K, used 18799K [0x0000000080000000, 0x0000000100000000)
  region size 1024K, 8 young (8192K), 8 survivors (8192K)
 Metaspace       used 21286K, committed 21504K, reserved 1114112K
  class space    used 2517K, committed 2624K, reserved 1048576K
}
Event: 2.615 GC heap before
{Heap before GC invocations=5 (full 0):
 garbage-first heap   total 68608K, used 51567K [0x0000000080000000, 0x0000000100000000)
  region size 1024K, 40 young (40960K), 8 survivors (8192K)
 Metaspace       used 26344K, committed 26688K, reserved 1114112K
  class space    used 3391K, committed 3584K, reserved 1048576K
}
Event: 2.621 GC heap after
{Heap after GC invocations=6 (full 0):
 garbage-first heap   total 68608K, used 20907K [0x0000000080000000, 0x0000000100000000)
  region size 1024K, 3 young (3072K), 3 survivors (3072K)
 Metaspace       used 26344K, committed 26688K, reserved 1114112K
  class space    used 3391K, committed 3584K, reserved 1048576K
}
Event: 3.267 GC heap before
{Heap before GC invocations=6 (full 0):
 garbage-first heap   total 68608K, used 47531K [0x0000000080000000, 0x0000000100000000)
  region size 1024K, 29 young (29696K), 3 survivors (3072K)
 Metaspace       used 30004K, committed 30336K, reserved 1114112K
  class space    used 4004K, committed 4160K, reserved 1048576K
}
Event: 3.270 GC heap after
{Heap after GC invocations=7 (full 0):
 garbage-first heap   total 68608K, used 22134K [0x0000000080000000, 0x0000000100000000)
  region size 1024K, 4 young (4096K), 4 survivors (4096K)
 Metaspace       used 30004K, committed 30336K, reserved 1114112K
  class space    used 4004K, committed 4160K, reserved 1048576K
}
Event: 3.584 GC heap before
{Heap before GC invocations=7 (full 0):
 garbage-first heap   total 68608K, used 49782K [0x0000000080000000, 0x0000000100000000)
  region size 1024K, 31 young (31744K), 4 survivors (4096K)
 Metaspace       used 33440K, committed 33728K, reserved 1114112K
  class space    used 4546K, committed 4672K, reserved 1048576K
}
Event: 3.591 GC heap after
{Heap after GC invocations=8 (full 0):
 garbage-first heap   total 68608K, used 23273K [0x0000000080000000, 0x0000000100000000)
  region size 1024K, 3 young (3072K), 3 survivors (3072K)
 Metaspace       used 33440K, committed 33728K, reserved 1114112K
  class space    used 4546K, committed 4672K, reserved 1048576K
}
Event: 3.910 GC heap before
{Heap before GC invocations=8 (full 0):
 garbage-first heap   total 68608K, used 35561K [0x0000000080000000, 0x0000000100000000)
  region size 1024K, 17 young (17408K), 3 survivors (3072K)
 Metaspace       used 35849K, committed 36096K, reserved 1114112K
  class space    used 4884K, committed 4992K, reserved 1048576K
}
Event: 3.915 GC heap after
{Heap after GC invocations=9 (full 0):
 garbage-first heap   total 68608K, used 23996K [0x0000000080000000, 0x0000000100000000)
  region size 1024K, 2 young (2048K), 2 survivors (2048K)
 Metaspace       used 35849K, committed 36096K, reserved 1114112K
  class space    used 4884K, committed 4992K, reserved 1048576K
}
Event: 4.404 GC heap before
{Heap before GC invocations=10 (full 0):
 garbage-first heap   total 68608K, used 51644K [0x0000000080000000, 0x0000000100000000)
  region size 1024K, 30 young (30720K), 2 survivors (2048K)
 Metaspace       used 41004K, committed 41344K, reserved 1114112K
  class space    used 5420K, committed 5568K, reserved 1048576K
}
Event: 4.411 GC heap after
{Heap after GC invocations=11 (full 0):
 garbage-first heap   total 68608K, used 27720K [0x0000000080000000, 0x0000000100000000)
  region size 1024K, 4 young (4096K), 4 survivors (4096K)
 Metaspace       used 41004K, committed 41344K, reserved 1114112K
  class space    used 5420K, committed 5568K, reserved 1048576K
}
Event: 4.697 GC heap before
{Heap before GC invocations=11 (full 0):
 garbage-first heap   total 68608K, used 52296K [0x0000000080000000, 0x0000000100000000)
  region size 1024K, 28 young (28672K), 4 survivors (4096K)
 Metaspace       used 41979K, committed 42432K, reserved 1114112K
  class space    used 5583K, committed 5824K, reserved 1048576K
}
Event: 4.704 GC heap after
{Heap after GC invocations=12 (full 0):
 garbage-first heap   total 82944K, used 29496K [0x0000000080000000, 0x0000000100000000)
  region size 1024K, 2 young (2048K), 2 survivors (2048K)
 Metaspace       used 41979K, committed 42432K, reserved 1114112K
  class space    used 5583K, committed 5824K, reserved 1048576K
}
Event: 5.232 GC heap before
{Heap before GC invocations=12 (full 0):
 garbage-first heap   total 82944K, used 63288K [0x0000000080000000, 0x0000000100000000)
  region size 1024K, 34 young (34816K), 2 survivors (2048K)
 Metaspace       used 46342K, committed 46720K, reserved 1114112K
  class space    used 6218K, committed 6400K, reserved 1048576K
}
Event: 5.236 GC heap after
{Heap after GC invocations=13 (full 0):
 garbage-first heap   total 82944K, used 31754K [0x0000000080000000, 0x0000000100000000)
  region size 1024K, 4 young (4096K), 4 survivors (4096K)
 Metaspace       used 46342K, committed 46720K, reserved 1114112K
  class space    used 6218K, committed 6400K, reserved 1048576K
}
Event: 6.059 GC heap before
{Heap before GC invocations=13 (full 0):
 garbage-first heap   total 82944K, used 62474K [0x0000000080000000, 0x0000000100000000)
  region size 1024K, 35 young (35840K), 4 survivors (4096K)
 Metaspace       used 50589K, committed 51008K, reserved 1114112K
  class space    used 6874K, committed 7040K, reserved 1048576K
}
Event: 6.063 GC heap after
{Heap after GC invocations=14 (full 0):
 garbage-first heap   total 82944K, used 33636K [0x0000000080000000, 0x0000000100000000)
  region size 1024K, 5 young (5120K), 5 survivors (5120K)
 Metaspace       used 50589K, committed 51008K, reserved 1114112K
  class space    used 6874K, committed 7040K, reserved 1048576K
}
Event: 6.761 GC heap before
{Heap before GC invocations=14 (full 0):
 garbage-first heap   total 82944K, used 63332K [0x0000000080000000, 0x0000000100000000)
  region size 1024K, 34 young (34816K), 5 survivors (5120K)
 Metaspace       used 54155K, committed 54656K, reserved 1114112K
  class space    used 7454K, committed 7680K, reserved 1048576K
}
Event: 6.774 GC heap after
{Heap after GC invocations=15 (full 0):
 garbage-first heap   total 82944K, used 35301K [0x0000000080000000, 0x0000000100000000)
  region size 1024K, 4 young (4096K), 4 survivors (4096K)
 Metaspace       used 54155K, committed 54656K, reserved 1114112K
  class space    used 7454K, committed 7680K, reserved 1048576K
}

Dll operation events (3 events):
Event: 0.022 Loaded shared library C:\Program Files\Android\Android Studio\jbr\bin\java.dll
Event: 0.209 Loaded shared library C:\Program Files\Android\Android Studio\jbr\bin\zip.dll
Event: 0.449 Loaded shared library C:\Program Files\Android\Android Studio\jbr\bin\verify.dll

Deoptimization events (20 events):
Event: 7.165 Thread 0x000001b9fa8cacd0 DEOPT PACKING pc=0x000001b9dea71a7e sp=0x000000460daf71e0
Event: 7.165 Thread 0x000001b9fa8cacd0 DEOPT UNPACKING pc=0x000001b9e5f4ace3 sp=0x000000460daf6650 mode 0
Event: 7.166 Thread 0x000001b9fa8cacd0 DEOPT PACKING pc=0x000001b9dea71a7e sp=0x000000460daf71e0
Event: 7.166 Thread 0x000001b9fa8cacd0 DEOPT UNPACKING pc=0x000001b9e5f4ace3 sp=0x000000460daf6650 mode 0
Event: 7.166 Thread 0x000001b9fa8cacd0 DEOPT PACKING pc=0x000001b9dea71a7e sp=0x000000460daf71e0
Event: 7.166 Thread 0x000001b9fa8cacd0 DEOPT UNPACKING pc=0x000001b9e5f4ace3 sp=0x000000460daf6650 mode 0
Event: 7.169 Thread 0x000001b9fa8cacd0 Uncommon trap: trap_request=0xffffff45 fr.pc=0x000001b9e65a7644 relative=0x00000000000012a4
Event: 7.169 Thread 0x000001b9fa8cacd0 Uncommon trap: reason=unstable_if action=reinterpret pc=0x000001b9e65a7644 method=java.util.concurrent.ConcurrentHashMap.putVal(Ljava/lang/Object;Ljava/lang/Object;Z)Ljava/lang/Object; @ 245 c2
Event: 7.169 Thread 0x000001b9fa8cacd0 DEOPT PACKING pc=0x000001b9e65a7644 sp=0x000000460daf73a0
Event: 7.169 Thread 0x000001b9fa8cacd0 DEOPT UNPACKING pc=0x000001b9e5f4a1a3 sp=0x000000460daf7318 mode 2
Event: 7.172 Thread 0x000001b9fa8cacd0 Uncommon trap: trap_request=0xffffff45 fr.pc=0x000001b9e657fe14 relative=0x00000000000012b4
Event: 7.172 Thread 0x000001b9fa8cacd0 Uncommon trap: reason=unstable_if action=reinterpret pc=0x000001b9e657fe14 method=java.util.concurrent.ConcurrentHashMap.transfer([Ljava/util/concurrent/ConcurrentHashMap$Node;[Ljava/util/concurrent/ConcurrentHashMap$Node;)V @ 352 c2
Event: 7.174 Thread 0x000001b9fa8cacd0 DEOPT PACKING pc=0x000001b9e657fe14 sp=0x000000460daf7210
Event: 7.174 Thread 0x000001b9fa8cacd0 DEOPT UNPACKING pc=0x000001b9e5f4a1a3 sp=0x000000460daf7198 mode 2
Event: 7.215 Thread 0x000001b9fa8cacd0 DEOPT PACKING pc=0x000001b9deb32142 sp=0x000000460daf12e0
Event: 7.215 Thread 0x000001b9fa8cacd0 DEOPT UNPACKING pc=0x000001b9e5f4ace3 sp=0x000000460daf07f0 mode 0
Event: 7.286 Thread 0x000001b9fa8cacd0 Uncommon trap: trap_request=0xffffff45 fr.pc=0x000001b9e672b934 relative=0x0000000000000194
Event: 7.286 Thread 0x000001b9fa8cacd0 Uncommon trap: reason=unstable_if action=reinterpret pc=0x000001b9e672b934 method=sun.net.www.ParseUtil.encodePath(Ljava/lang/String;Z)Ljava/lang/String; @ 1 c2
Event: 7.286 Thread 0x000001b9fa8cacd0 DEOPT PACKING pc=0x000001b9e672b934 sp=0x000000460daf6ec0
Event: 7.286 Thread 0x000001b9fa8cacd0 DEOPT UNPACKING pc=0x000001b9e5f4a1a3 sp=0x000000460daf6e68 mode 2

Classes unloaded (0 events):
No events

Classes redefined (0 events):
No events

Internal exceptions (20 events):
Event: 6.152 Thread 0x000001b9fb1ae3e0 Exception <a 'java/lang/NoSuchMethodError'{0x000000008c859660}: static Lorg/gradle/internal/operations/OperationIdentifier;.<clinit>()V> (0x000000008c859660) 
thrown [s\src\hotspot\share\prims\jni.cpp, line 1108]
Event: 6.337 Thread 0x000001b9fa8cacd0 Exception <a 'java/lang/NoSuchMethodError'{0x00000000845aca70}: 'long java.lang.invoke.DirectMethodHandle$Holder.invokeStatic(java.lang.Object, long)'> (0x00000000845aca70) 
thrown [s\src\hotspot\share\interpreter\linkResolver.cpp, line 771]
Event: 6.593 Thread 0x000001b9fa8cacd0 Exception <a 'java/lang/NoSuchMethodError'{0x000000008397f328}: 'java.lang.Object java.lang.invoke.DirectMethodHandle$Holder.newInvokeSpecial(java.lang.Object, java.lang.Object, java.lang.Object, java.lang.Object, int)'> (0x000000008397f328) 
thrown [s\src\hotspot\share\interpreter\linkResolver.cpp, line 771]
Event: 6.594 Thread 0x000001b9fa8cacd0 Exception <a 'java/lang/NoSuchMethodError'{0x00000000839843a8}: 'java.lang.Object java.lang.invoke.DirectMethodHandle$Holder.invokeSpecial(java.lang.Object, java.lang.Object, java.lang.Object, java.lang.Object, java.lang.Object, int)'> (0x00000000839843a8) 
thrown [s\src\hotspot\share\interpreter\linkResolver.cpp, line 771]
Event: 6.594 Thread 0x000001b9fa8cacd0 Exception <a 'java/lang/NoSuchMethodError'{0x0000000083989028}: 'java.lang.Object java.lang.invoke.Invokers$Holder.linkToTargetMethod(java.lang.Object, java.lang.Object, java.lang.Object, int, java.lang.Object)'> (0x0000000083989028) 
thrown [s\src\hotspot\share\interpreter\linkResolver.cpp, line 771]
Event: 6.611 Thread 0x000001b9fa8cacd0 Exception <a 'java/lang/NoSuchMethodError'{0x0000000083808d58}: static Lorg/gradle/api/internal/catalog/DefaultVersionCatalog;.<clinit>()V> (0x0000000083808d58) 
thrown [s\src\hotspot\share\prims\jni.cpp, line 1108]
Event: 6.622 Thread 0x000001b9fa8cacd0 Exception <a 'java/lang/NoSuchMethodError'{0x0000000083857318}: static [Ljava/lang/Object;.<clinit>()V> (0x0000000083857318) 
thrown [s\src\hotspot\share\prims\jni.cpp, line 1108]
Event: 6.626 Thread 0x000001b9fa8cacd0 Exception <a 'java/lang/NoSuchMethodError'{0x000000008387c530}: static Lorg/gradle/api/internal/catalog/DependencyModel;.<clinit>()V> (0x000000008387c530) 
thrown [s\src\hotspot\share\prims\jni.cpp, line 1108]
Event: 6.627 Thread 0x000001b9fa8cacd0 Exception <a 'java/lang/NoSuchMethodError'{0x000000008387fc80}: static Lorg/gradle/api/internal/catalog/AbstractContextAwareModel;.<clinit>()V> (0x000000008387fc80) 
thrown [s\src\hotspot\share\prims\jni.cpp, line 1108]
Event: 6.630 Thread 0x000001b9fa8cacd0 Exception <a 'java/lang/NoSuchMethodError'{0x00000000838978b0}: static Lorg/gradle/api/internal/artifacts/dependencies/AbstractVersionConstraint;.<clinit>()V> (0x00000000838978b0) 
thrown [s\src\hotspot\share\prims\jni.cpp, line 1108]
Event: 6.645 Thread 0x000001b9fa8cacd0 Exception <a 'java/lang/NoSuchMethodError'{0x00000000837436e0}: static Lorg/gradle/api/internal/catalog/PluginModel;.<clinit>()V> (0x00000000837436e0) 
thrown [s\src\hotspot\share\prims\jni.cpp, line 1108]
Event: 6.647 Thread 0x000001b9fa8cacd0 Exception <a 'java/lang/NoSuchMethodError'{0x00000000837584e0}: static Lorg/gradle/api/internal/catalog/VersionModel;.<clinit>()V> (0x00000000837584e0) 
thrown [s\src\hotspot\share\prims\jni.cpp, line 1108]
Event: 6.649 Thread 0x000001b9fa8cacd0 Exception <a 'java/lang/NoSuchMethodError'{0x000000008377c910}: 'void java.lang.invoke.DirectMethodHandle$Holder.invokeSpecial(java.lang.Object, java.lang.Object, java.lang.Object, int)'> (0x000000008377c910) 
thrown [s\src\hotspot\share\interpreter\linkResolver.cpp, line 771]
Event: 6.787 Thread 0x000001b9fa8cacd0 Exception <a 'java/lang/NoSuchMethodError'{0x000000008fb33060}: 'int java.lang.invoke.DirectMethodHandle$Holder.invokeSpecialIFC(java.lang.Object, java.lang.Object, java.lang.Object)'> (0x000000008fb33060) 
thrown [s\src\hotspot\share\interpreter\linkResolver.cpp, line 771]
Event: 6.847 Thread 0x000001b9fa8cacd0 Exception <a 'java/lang/NoSuchMethodError'{0x000000008c9d7d78}: 'java.lang.Object java.lang.invoke.DirectMethodHandle$Holder.newInvokeSpecial(java.lang.Object, java.lang.Object, java.lang.Object, java.lang.Object, java.lang.Object, int)'> (0x000000008c9d7d78) 
thrown [s\src\hotspot\share\interpreter\linkResolver.cpp, line 771]
Event: 6.847 Thread 0x000001b9fa8cacd0 Exception <a 'java/lang/NoSuchMethodError'{0x000000008c9dd1d0}: 'java.lang.Object java.lang.invoke.DirectMethodHandle$Holder.invokeSpecial(java.lang.Object, java.lang.Object, java.lang.Object, java.lang.Object, java.lang.Object, java.lang.Object, int)'> (0x000000008c9dd1d0) 
thrown [s\src\hotspot\share\interpreter\linkResolver.cpp, line 771]
Event: 6.852 Thread 0x000001b9fa8cacd0 Exception <a 'java/lang/NoSuchMethodError'{0x000000008c813d00}: 'java.lang.Object java.lang.invoke.DirectMethodHandle$Holder.invokeSpecial(java.lang.Object, java.lang.Object, java.lang.Object, java.lang.Object, java.lang.Object, long)'> (0x000000008c813d00) 
thrown [s\src\hotspot\share\interpreter\linkResolver.cpp, line 771]
Event: 6.855 Thread 0x000001b9fa8cacd0 Exception <a 'java/lang/NoSuchMethodError'{0x000000008c835e18}: 'void java.lang.invoke.DirectMethodHandle$Holder.invokeStatic(java.lang.Object, java.lang.Object, java.lang.Object, int, java.lang.Object)'> (0x000000008c835e18) 
thrown [s\src\hotspot\share\interpreter\linkResolver.cpp, line 771]
Event: 6.878 Thread 0x000001b9fa8cacd0 Implicit null exception at 0x000001b9e64ccbf2 to 0x000001b9e64cd234
Event: 6.938 Thread 0x000001b9fa8cacd0 Exception <a 'sun/nio/fs/WindowsException'{0x000000008c53cdb0}> (0x000000008c53cdb0) 
thrown [s\src\hotspot\share\prims\jni.cpp, line 517]

VM Operations (20 events):
Event: 6.337 Executing VM operation: ICBufferFull
Event: 6.337 Executing VM operation: ICBufferFull done
Event: 6.340 Executing VM operation: HandshakeAllThreads
Event: 6.340 Executing VM operation: HandshakeAllThreads done
Event: 6.613 Executing VM operation: HandshakeAllThreads
Event: 6.613 Executing VM operation: HandshakeAllThreads done
Event: 6.761 Executing VM operation: G1CollectForAllocation
Event: 6.777 Executing VM operation: G1CollectForAllocation done
Event: 6.894 Executing VM operation: HandshakeAllThreads
Event: 6.894 Executing VM operation: HandshakeAllThreads done
Event: 6.941 Executing VM operation: HandshakeAllThreads
Event: 6.941 Executing VM operation: HandshakeAllThreads done
Event: 6.949 Executing VM operation: HandshakeAllThreads
Event: 6.949 Executing VM operation: HandshakeAllThreads done
Event: 6.951 Executing VM operation: HandshakeAllThreads
Event: 6.951 Executing VM operation: HandshakeAllThreads done
Event: 7.031 Executing VM operation: HandshakeAllThreads
Event: 7.031 Executing VM operation: HandshakeAllThreads done
Event: 7.195 Executing VM operation: HandshakeAllThreads
Event: 7.195 Executing VM operation: HandshakeAllThreads done

Events (20 events):
Event: 7.351 loading class jdk/internal/icu/impl/UCharacterProperty$IsAcceptable
Event: 7.351 loading class jdk/internal/icu/impl/UCharacterProperty$IsAcceptable done
Event: 7.351 loading class jdk/internal/icu/impl/Trie2_16
Event: 7.351 loading class jdk/internal/icu/impl/Trie2
Event: 7.351 loading class jdk/internal/icu/impl/Trie2 done
Event: 7.351 loading class jdk/internal/icu/impl/Trie2_16 done
Event: 7.352 loading class jdk/internal/icu/impl/Trie2$1
Event: 7.352 loading class jdk/internal/icu/impl/Trie2$ValueMapper
Event: 7.352 loading class jdk/internal/icu/impl/Trie2$ValueMapper done
Event: 7.352 loading class jdk/internal/icu/impl/Trie2$1 done
Event: 7.352 loading class jdk/internal/icu/impl/Trie2$UTrie2Header
Event: 7.352 loading class jdk/internal/icu/impl/Trie2$UTrie2Header done
Event: 7.358 loading class java/net/Socket$SocketInputStream
Event: 7.358 loading class java/net/Socket$SocketInputStream done
Event: 7.358 loading class sun/nio/ch/NioSocketImpl$1
Event: 7.358 loading class sun/nio/ch/NioSocketImpl$1 done
Event: 7.358 loading class java/net/Socket$SocketOutputStream
Event: 7.358 loading class java/net/Socket$SocketOutputStream done
Event: 7.358 loading class sun/nio/ch/NioSocketImpl$2
Event: 7.358 loading class sun/nio/ch/NioSocketImpl$2 done


Dynamic libraries:
0x00007ff73dde0000 - 0x00007ff73ddea000 	C:\Program Files\Android\Android Studio\jbr\bin\java.exe
0x00007ff988090000 - 0x00007ff988288000 	C:\Windows\SYSTEM32\ntdll.dll
0x00007ff986610000 - 0x00007ff9866cd000 	C:\Windows\System32\KERNEL32.DLL
0x00007ff985a20000 - 0x00007ff985d16000 	C:\Windows\System32\KERNELBASE.dll
0x00007ff985e90000 - 0x00007ff985f90000 	C:\Windows\System32\ucrtbase.dll
0x00007ff945700000 - 0x00007ff945717000 	C:\Program Files\Android\Android Studio\jbr\bin\jli.dll
0x00007ff972320000 - 0x00007ff97233b000 	C:\Program Files\Android\Android Studio\jbr\bin\VCRUNTIME140.dll
0x00007ff986390000 - 0x00007ff98652f000 	C:\Windows\System32\USER32.dll
0x00007ff9735d0000 - 0x00007ff97386a000 	C:\Windows\WinSxS\amd64_microsoft.windows.common-controls_6595b64144ccf1df_6.0.19041.4355_none_60b8b9eb71f62e16\COMCTL32.dll
0x00007ff9859f0000 - 0x00007ff985a12000 	C:\Windows\System32\win32u.dll
0x00007ff986730000 - 0x00007ff9867ce000 	C:\Windows\System32\msvcrt.dll
0x00007ff986530000 - 0x00007ff98655b000 	C:\Windows\System32\GDI32.dll
0x00007ff985d70000 - 0x00007ff985e87000 	C:\Windows\System32\gdi32full.dll
0x00007ff985750000 - 0x00007ff9857ed000 	C:\Windows\System32\msvcp_win.dll
0x00007ff986a40000 - 0x00007ff986a6f000 	C:\Windows\System32\IMM32.DLL
0x00007ff97e850000 - 0x00007ff97e85c000 	C:\Program Files\Android\Android Studio\jbr\bin\vcruntime140_1.dll
0x00007ff943f10000 - 0x00007ff943f9d000 	C:\Program Files\Android\Android Studio\jbr\bin\msvcp140.dll
0x00007ff9005a0000 - 0x00007ff901223000 	C:\Program Files\Android\Android Studio\jbr\bin\server\jvm.dll
0x00007ff986560000 - 0x00007ff986610000 	C:\Windows\System32\ADVAPI32.dll
0x00007ff9869a0000 - 0x00007ff986a40000 	C:\Windows\System32\sechost.dll
0x00007ff986180000 - 0x00007ff9862a3000 	C:\Windows\System32\RPCRT4.dll
0x00007ff9859c0000 - 0x00007ff9859e7000 	C:\Windows\System32\bcrypt.dll
0x00007ff984cd0000 - 0x00007ff984d1b000 	C:\Windows\SYSTEM32\POWRPROF.dll
0x00007ff976520000 - 0x00007ff976529000 	C:\Windows\SYSTEM32\WSOCK32.dll
0x00007ff987840000 - 0x00007ff9878ab000 	C:\Windows\System32\WS2_32.dll
0x00007ff97b430000 - 0x00007ff97b457000 	C:\Windows\SYSTEM32\WINMM.dll
0x00007ff97dda0000 - 0x00007ff97ddaa000 	C:\Windows\SYSTEM32\VERSION.dll
0x00007ff984b40000 - 0x00007ff984b52000 	C:\Windows\SYSTEM32\UMPDC.dll
0x00007ff983f60000 - 0x00007ff983f72000 	C:\Windows\SYSTEM32\kernel.appcore.dll
0x00007ff9722f0000 - 0x00007ff9722fa000 	C:\Program Files\Android\Android Studio\jbr\bin\jimage.dll
0x00007ff9834b0000 - 0x00007ff983694000 	C:\Windows\SYSTEM32\DBGHELP.DLL
0x00007ff972dc0000 - 0x00007ff972df4000 	C:\Windows\SYSTEM32\dbgcore.DLL
0x00007ff986040000 - 0x00007ff9860c2000 	C:\Windows\System32\bcryptPrimitives.dll
0x00007ff956180000 - 0x00007ff95618e000 	C:\Program Files\Android\Android Studio\jbr\bin\instrument.dll
0x00007ff950530000 - 0x00007ff950555000 	C:\Program Files\Android\Android Studio\jbr\bin\java.dll
0x00007ff952cb0000 - 0x00007ff952cc8000 	C:\Program Files\Android\Android Studio\jbr\bin\zip.dll
0x00007ff9870d0000 - 0x00007ff98783c000 	C:\Windows\System32\SHELL32.dll
0x00007ff9837b0000 - 0x00007ff983f4d000 	C:\Windows\SYSTEM32\windows.storage.dll
0x00007ff987a00000 - 0x00007ff987d53000 	C:\Windows\System32\combase.dll
0x00007ff985170000 - 0x00007ff98519e000 	C:\Windows\SYSTEM32\Wldp.dll
0x00007ff9862c0000 - 0x00007ff98638d000 	C:\Windows\System32\OLEAUT32.dll
0x00007ff9867d0000 - 0x00007ff98687d000 	C:\Windows\System32\SHCORE.dll
0x00007ff9879a0000 - 0x00007ff9879f5000 	C:\Windows\System32\shlwapi.dll
0x00007ff985680000 - 0x00007ff9856a4000 	C:\Windows\SYSTEM32\profapi.dll
0x00007ff949580000 - 0x00007ff949599000 	C:\Program Files\Android\Android Studio\jbr\bin\net.dll
0x00007ff97fcc0000 - 0x00007ff97fdca000 	C:\Windows\SYSTEM32\WINHTTP.dll
0x00007ff984ed0000 - 0x00007ff984f3a000 	C:\Windows\system32\mswsock.dll
0x00007ff9467e0000 - 0x00007ff9467f6000 	C:\Program Files\Android\Android Studio\jbr\bin\nio.dll
0x00007ff9655b0000 - 0x00007ff9655c0000 	C:\Program Files\Android\Android Studio\jbr\bin\verify.dll
0x00007ff945bf0000 - 0x00007ff945c17000 	C:\Users\Anelx\.gradle\native\c067742578af261105cb4f569cf0c3c89f3d7b1fecec35dd04571415982c5e48\windows-amd64\native-platform.dll
0x00007ff911160000 - 0x00007ff9112a4000 	C:\Users\Anelx\.gradle\native\38dada09dfb8b06ba9b0570ebf7e218e3eb74d4ef43ca46872605cf95ebc2f47\windows-amd64\native-platform-file-events.dll
0x00007ff956b20000 - 0x00007ff956b29000 	C:\Program Files\Android\Android Studio\jbr\bin\management.dll
0x00007ff956ae0000 - 0x00007ff956aeb000 	C:\Program Files\Android\Android Studio\jbr\bin\management_ext.dll
0x00007ff986b20000 - 0x00007ff986b28000 	C:\Windows\System32\PSAPI.DLL
0x00007ff9850c0000 - 0x00007ff9850d8000 	C:\Windows\SYSTEM32\CRYPTSP.dll
0x00007ff984780000 - 0x00007ff9847b4000 	C:\Windows\system32\rsaenh.dll
0x00007ff9855f0000 - 0x00007ff98561e000 	C:\Windows\SYSTEM32\USERENV.dll
0x00007ff9850e0000 - 0x00007ff9850ec000 	C:\Windows\SYSTEM32\CRYPTBASE.dll
0x00007ff984b60000 - 0x00007ff984b9b000 	C:\Windows\SYSTEM32\IPHLPAPI.DLL
0x00007ff9862b0000 - 0x00007ff9862b8000 	C:\Windows\System32\NSI.dll
0x00007ff97ada0000 - 0x00007ff97adb7000 	C:\Windows\SYSTEM32\dhcpcsvc6.DLL
0x00007ff97dd10000 - 0x00007ff97dd2d000 	C:\Windows\SYSTEM32\dhcpcsvc.DLL
0x00007ff984ba0000 - 0x00007ff984c6a000 	C:\Windows\SYSTEM32\DNSAPI.dll
0x00007ff902010000 - 0x00007ff902017000 	C:\Windows\system32\wshunix.dll
0x00007ff97e930000 - 0x00007ff97e93a000 	C:\Windows\System32\rasadhlp.dll
0x00007ff976840000 - 0x00007ff9768c0000 	C:\Windows\System32\fwpuclnt.dll

dbghelp: loaded successfully - version: 4.0.5 - missing functions: none
symbol engine: initialized successfully - sym options: 0x614 - pdb path: .;C:\Program Files\Android\Android Studio\jbr\bin;C:\Windows\SYSTEM32;C:\Windows\WinSxS\amd64_microsoft.windows.common-controls_6595b64144ccf1df_6.0.19041.4355_none_60b8b9eb71f62e16;C:\Program Files\Android\Android Studio\jbr\bin\server;C:\Users\Anelx\.gradle\native\c067742578af261105cb4f569cf0c3c89f3d7b1fecec35dd04571415982c5e48\windows-amd64;C:\Users\Anelx\.gradle\native\38dada09dfb8b06ba9b0570ebf7e218e3eb74d4ef43ca46872605cf95ebc2f47\windows-amd64

VM Arguments:
jvm_args: --add-opens=java.base/java.util=ALL-UNNAMED --add-opens=java.base/java.lang=ALL-UNNAMED --add-opens=java.base/java.lang.invoke=ALL-UNNAMED --add-opens=java.prefs/java.util.prefs=ALL-UNNAMED --add-opens=java.base/java.nio.charset=ALL-UNNAMED --add-opens=java.base/java.net=ALL-UNNAMED --add-opens=java.base/java.util.concurrent.atomic=ALL-UNNAMED -Xmx2048m -Dfile.encoding=UTF-8 -Duser.country=MX -Duser.language=es -Duser.variant -javaagent:C:\Users\Anelx\.gradle\wrapper\dists\gradle-8.4-bin\1w5dpkrfk8irigvoxmyhowfim\gradle-8.4\lib\agents\gradle-instrumentation-agent-8.4.jar 
java_command: org.gradle.launcher.daemon.bootstrap.GradleDaemon 8.4
java_class_path (initial): C:\Users\Anelx\.gradle\wrapper\dists\gradle-8.4-bin\1w5dpkrfk8irigvoxmyhowfim\gradle-8.4\lib\gradle-launcher-8.4.jar
Launcher Type: SUN_STANDARD

[Global flags]
     intx CICompilerCount                          = 3                                         {product} {ergonomic}
     uint ConcGCThreads                            = 1                                         {product} {ergonomic}
     uint G1ConcRefinementThreads                  = 4                                         {product} {ergonomic}
   size_t G1HeapRegionSize                         = 1048576                                   {product} {ergonomic}
    uintx GCDrainStackTargetSize                   = 64                                        {product} {ergonomic}
   size_t InitialHeapSize                          = 264241152                                 {product} {ergonomic}
   size_t MarkStackSize                            = 4194304                                   {product} {ergonomic}
   size_t MaxHeapSize                              = 2147483648                                {product} {command line}
   size_t MaxNewSize                               = 1287651328                                {product} {ergonomic}
   size_t MinHeapDeltaBytes                        = 1048576                                   {product} {ergonomic}
   size_t MinHeapSize                              = 8388608                                   {product} {ergonomic}
    uintx NonNMethodCodeHeapSize                   = 5832780                                {pd product} {ergonomic}
    uintx NonProfiledCodeHeapSize                  = 122912730                              {pd product} {ergonomic}
    uintx ProfiledCodeHeapSize                     = 122912730                              {pd product} {ergonomic}
    uintx ReservedCodeCacheSize                    = 251658240                              {pd product} {ergonomic}
     bool SegmentedCodeCache                       = true                                      {product} {ergonomic}
   size_t SoftMaxHeapSize                          = 2147483648                             {manageable} {ergonomic}
     bool UseCompressedClassPointers               = true                           {product lp64_product} {ergonomic}
     bool UseCompressedOops                        = true                           {product lp64_product} {ergonomic}
     bool UseG1GC                                  = true                                      {product} {ergonomic}
     bool UseLargePagesIndividualAllocation        = false                                  {pd product} {ergonomic}

Logging:
Log output configuration:
 #0: stdout all=warning uptime,level,tags
 #1: stderr all=off uptime,level,tags

Environment Variables:
PATH=C:\Windows\system32;C:\Windows;C:\Windows\System32\Wbem;C:\Windows\System32\WindowsPowerShell\v1.0\;C:\Windows\System32\OpenSSH\;C:\ProgramData\chocolatey\bin;C:\Program Files\dotnet\;C:\Program Files\Git\cmd;C:\Program Files\nodejs\;C:\Program Files (x86)\Microsoft SQL Server\160\Tools\Binn\;C:\Program Files\Microsoft SQL Server\160\Tools\Binn\;C:\Program Files\Microsoft SQL Server\Client SDK\ODBC\170\Tools\Binn\;C:\Program Files\Microsoft SQL Server\160\DTS\Binn\;C:\Program Files\Azure Data Studio\bin;C:\Python310\Scripts\;C:\Python310\;C:\Users\Anelx\AppData\Local\Microsoft\WindowsApps;C:\Microsoft VS Code\bin;C:\Users\Anelx\AppData\Roaming\npm;C:\Program Files\Azure Data Studio\bin
USERNAME=Anelx
OS=Windows_NT
PROCESSOR_IDENTIFIER=Intel64 Family 6 Model 140 Stepping 1, GenuineIntel
TMP=C:\Users\Anelx\AppData\Local\Temp
TEMP=C:\Users\Anelx\AppData\Local\Temp



Periodic native trim disabled

JNI global refs:
JNI global refs: 26, weak refs: 0

JNI global refs memory usage: 843, weak refs: 841

OOME stack traces (most recent first):
Classloader memory used:
Loader org.gradle.internal.classloader.VisitableURLClassLoader                         : 3348K
Loader bootstrap                                                                       : 2863K
Loader org.gradle.initialization.MixInLegacyTypesClassLoader                           : 1129K
Loader jdk.internal.loader.ClassLoaders$PlatformClassLoader                            : 86961B
Loader jdk.internal.loader.ClassLoaders$AppClassLoader                                 : 28359B
Loader jdk.internal.reflect.DelegatingClassLoader                                      : 18755B
Loader org.gradle.internal.classloader.VisitableURLClassLoader                         : 8200B
Loader org.gradle.internal.classloader.VisitableURLClassLoader$InstrumentingVisitableURLClassLoader: 4841B

Classes loaded by more than one classloader:
Class Program                                                                         : loaded 3 times (x 70B)
Class org.gradle.internal.classpath.ClassPath                                         : loaded 2 times (x 68B)
Class org.gradle.api.internal.classpath.DefaultModuleRegistry                         : loaded 2 times (x 84B)
Class Settings_gradle$1$1                                                             : loaded 2 times (x 72B)
Class org.gradle.api.Action                                                           : loaded 2 times (x 68B)
Class org.gradle.api.internal.DefaultClassPathProvider                                : loaded 2 times (x 74B)
Class org.gradle.internal.installation.GradleInstallation$1                           : loaded 2 times (x 73B)
Class org.gradle.internal.classloader.FilteringClassLoader                            : loaded 2 times (x 103B)
Class org.gradle.internal.classpath.DefaultClassPath$ImmutableUniqueList$Builder      : loaded 2 times (x 73B)
Class org.gradle.internal.classloader.ClassLoaderVisitor                              : loaded 2 times (x 74B)
Class org.gradle.internal.service.DefaultServiceLocator                               : loaded 2 times (x 81B)
Class org.gradle.internal.service.UnknownServiceException                             : loaded 2 times (x 81B)
Class org.gradle.internal.classloader.DefaultClassLoaderFactory                       : loaded 2 times (x 80B)
Class org.gradle.internal.classloader.VisitableURLClassLoader$Spec                    : loaded 2 times (x 72B)
Class org.gradle.api.GradleException                                                  : loaded 2 times (x 80B)
Class org.gradle.api.internal.classpath.ModuleRegistry                                : loaded 2 times (x 68B)
Class org.gradle.api.internal.ClassPathProvider                                       : loaded 2 times (x 68B)
Class org.gradle.internal.classloader.ClasspathUtil$1                                 : loaded 2 times (x 74B)
Class org.gradle.internal.classloader.ClassLoaderFactory                              : loaded 2 times (x 68B)
Class org.gradle.api.internal.classpath.ManifestUtil                                  : loaded 2 times (x 69B)
Class org.gradle.api.specs.Spec                                                       : loaded 2 times (x 68B)
Class org.gradle.internal.IoActions                                                   : loaded 2 times (x 69B)
Class org.gradle.api.internal.classpath.EffectiveClassPath                            : loaded 2 times (x 88B)
Class org.gradle.internal.installation.CurrentGradleInstallation                      : loaded 2 times (x 71B)
Class org.gradle.internal.agents.InstrumentingClassLoader                             : loaded 2 times (x 68B)
Class org.gradle.internal.installation.CurrentGradleInstallationLocator               : loaded 2 times (x 69B)
Class org.gradle.api.internal.classpath.Module                                        : loaded 2 times (x 68B)
Class org.gradle.internal.service.CachingServiceLocator                               : loaded 2 times (x 80B)
Class org.gradle.internal.classpath.DefaultClassPath                                  : loaded 2 times (x 88B)
Class org.gradle.internal.classloader.SystemClassLoaderSpec                           : loaded 2 times (x 69B)
Class org.gradle.api.UncheckedIOException                                             : loaded 2 times (x 80B)
Class org.gradle.internal.installation.GradleInstallation                             : loaded 2 times (x 73B)
Class org.gradle.internal.classloader.ClasspathUtil                                   : loaded 2 times (x 69B)
Class org.gradle.api.internal.DefaultClassPathRegistry                                : loaded 2 times (x 74B)
Class org.gradle.api.internal.classpath.DefaultModuleRegistry$DefaultModule           : loaded 2 times (x 84B)
Class org.gradle.api.internal.classpath.UnknownModuleException                        : loaded 2 times (x 80B)
Class org.gradle.internal.service.ServiceLookupException                              : loaded 2 times (x 80B)
Class org.gradle.cache.GlobalCache                                                    : loaded 2 times (x 68B)
Class [Lorg.gradle.api.internal.ClassPathProvider;                                    : loaded 2 times (x 67B)
Class org.gradle.util.internal.GUtil                                                  : loaded 2 times (x 69B)
Class org.gradle.internal.classloader.ClassLoaderSpec                                 : loaded 2 times (x 69B)
Class org.gradle.internal.classloader.VisitableURLClassLoader                         : loaded 2 times (x 115B)
Class org.gradle.internal.Cast                                                        : loaded 2 times (x 69B)
Class org.gradle.api.internal.ClassPathRegistry                                       : loaded 2 times (x 68B)
Class org.gradle.internal.classloader.VisitableURLClassLoader$InstrumentingVisitableURLClassLoader: loaded 2 times (x 121B)
Class org.gradle.internal.classloader.ClassLoaderHierarchy                            : loaded 2 times (x 68B)
Class org.gradle.internal.InternalTransformer                                         : loaded 2 times (x 68B)
Class org.gradle.internal.service.ServiceLocator                                      : loaded 2 times (x 68B)
Class Settings_gradle$1                                                               : loaded 2 times (x 72B)
Class org.gradle.internal.classpath.DefaultClassPath$ImmutableUniqueList              : loaded 2 times (x 159B)
Class org.gradle.internal.classpath.TransformedClassPath                              : loaded 2 times (x 94B)
Class Settings_gradle                                                                 : loaded 2 times (x 126B)


---------------  S Y S T E M  ---------------

OS:
 Windows 10 , 64 bit Build 19041 (10.0.19041.3636)
OS uptime: 3 days 12:27 hours

CPU: total 4 (initial active 4) (2 cores per cpu, 2 threads per core) family 6 model 140 stepping 1 microcode 0xb4, cx8, cmov, fxsr, ht, mmx, 3dnowpref, sse, sse2, sse3, ssse3, sse4.1, sse4.2, popcnt, lzcnt, tsc, tscinvbit, avx, avx2, aes, erms, clmul, bmi1, bmi2, adx, avx512f, avx512dq, avx512cd, avx512bw, avx512vl, sha, fma, vzeroupper, avx512_vpopcntdq, avx512_vpclmulqdq, avx512_vaes, avx512_vnni, clflush, clflushopt, clwb, avx512_vbmi2, avx512_vbmi
Processor Information for all 4 processors :
  Max Mhz: 2995, Current Mhz: 2995, Mhz Limit: 2995

Memory: 4k page, system-wide physical 16118M (3064M free)
TotalPageFile size 31208M (AvailPageFile size 184M)
current process WorkingSet (physical memory assigned to process): 265M, peak: 266M
current process commit charge ("private bytes"): 290M, peak: 390M

vm_info: OpenJDK 64-Bit Server VM (17.0.9+0--11185874) for windows-amd64 JRE (17.0.9+0--11185874), built on Dec  6 2023 18:57:44 by "androidbuild" with MS VC++ 16.10 / 16.11 (VS2019)

END.
